2013/12/21 23:48:17 [error] [exception.CDbException] exception 'CDbException' with message 'CDbConnection failed to open the DB connection: SQLSTATE[28000] [1045] Access denied for user 'appV0_1'@'localhost' (using password: YES)' in /var/www/yii-1.1.14.f0fee9/framework/db/CDbConnection.php:382
Stack trace:
#0 /var/www/yii-1.1.14.f0fee9/framework/db/CDbConnection.php(330): CDbConnection->open()
#1 /var/www/yii-1.1.14.f0fee9/framework/db/CDbConnection.php(308): CDbConnection->setActive(true)
#2 /var/www/yii-1.1.14.f0fee9/framework/base/CModule.php(387): CDbConnection->init()
#3 /var/www/yii-1.1.14.f0fee9/framework/base/CModule.php(103): CModule->getComponent('db')
#4 /var/www/yii-1.1.14.f0fee9/framework/gii/generators/model/ModelCode.php(60): CModule->__get('db')
#5 /var/www/yii-1.1.14.f0fee9/framework/web/CFormModel.php(39): ModelCode->init()
#6 /var/www/yii-1.1.14.f0fee9/framework/gii/CCodeGenerator.php(153): CFormModel->__construct()
#7 /var/www/yii-1.1.14.f0fee9/framework/gii/CCodeGenerator.php(63): CCodeGenerator->prepare()
#8 /var/www/yii-1.1.14.f0fee9/framework/web/actions/CInlineAction.php(49): CCodeGenerator->actionIndex()
#9 /var/www/yii-1.1.14.f0fee9/framework/web/CController.php(308): CInlineAction->runWithParams(Array)
#10 /var/www/yii-1.1.14.f0fee9/framework/web/CController.php(286): CController->runAction(Object(CInlineAction))
#11 /var/www/yii-1.1.14.f0fee9/framework/web/CController.php(265): CController->runActionWithFilters(Object(CInlineAction), Array)
#12 /var/www/yii-1.1.14.f0fee9/framework/web/CWebApplication.php(282): CController->run('index')
#13 /var/www/yii-1.1.14.f0fee9/framework/web/CWebApplication.php(141): CWebApplication->runController('gii/model/index')
#14 /var/www/yii-1.1.14.f0fee9/framework/base/CApplication.php(180): CWebApplication->processRequest()
#15 /var/www/contentHeaderUnit/API/index.php(13): CApplication->run()
#16 {main}
REQUEST_URI=/contentHeaderUnit/API/index.php?r=gii/model/index
HTTP_REFERER=http://localhost/contentHeaderUnit/API/index.php?r=gii/default/index
---
2013/12/21 23:49:15 [error] [exception.CDbException] exception 'CDbException' with message 'CDbConnection failed to open the DB connection: SQLSTATE[28000] [1045] Access denied for user 'appV0_1'@'localhost' (using password: YES)' in /var/www/yii-1.1.14.f0fee9/framework/db/CDbConnection.php:382
Stack trace:
#0 /var/www/yii-1.1.14.f0fee9/framework/db/CDbConnection.php(330): CDbConnection->open()
#1 /var/www/yii-1.1.14.f0fee9/framework/db/CDbConnection.php(308): CDbConnection->setActive(true)
#2 /var/www/yii-1.1.14.f0fee9/framework/base/CModule.php(387): CDbConnection->init()
#3 /var/www/yii-1.1.14.f0fee9/framework/base/CModule.php(103): CModule->getComponent('db')
#4 /var/www/yii-1.1.14.f0fee9/framework/gii/generators/model/ModelCode.php(60): CModule->__get('db')
#5 /var/www/yii-1.1.14.f0fee9/framework/web/CFormModel.php(39): ModelCode->init()
#6 /var/www/yii-1.1.14.f0fee9/framework/gii/CCodeGenerator.php(153): CFormModel->__construct()
#7 /var/www/yii-1.1.14.f0fee9/framework/gii/CCodeGenerator.php(63): CCodeGenerator->prepare()
#8 /var/www/yii-1.1.14.f0fee9/framework/web/actions/CInlineAction.php(49): CCodeGenerator->actionIndex()
#9 /var/www/yii-1.1.14.f0fee9/framework/web/CController.php(308): CInlineAction->runWithParams(Array)
#10 /var/www/yii-1.1.14.f0fee9/framework/web/CController.php(286): CController->runAction(Object(CInlineAction))
#11 /var/www/yii-1.1.14.f0fee9/framework/web/CController.php(265): CController->runActionWithFilters(Object(CInlineAction), Array)
#12 /var/www/yii-1.1.14.f0fee9/framework/web/CWebApplication.php(282): CController->run('index')
#13 /var/www/yii-1.1.14.f0fee9/framework/web/CWebApplication.php(141): CWebApplication->runController('gii/model/index')
#14 /var/www/yii-1.1.14.f0fee9/framework/base/CApplication.php(180): CWebApplication->processRequest()
#15 /var/www/contentHeaderUnit/API/index.php(13): CApplication->run()
#16 {main}
REQUEST_URI=/contentHeaderUnit/API/index.php?r=gii/model/index
HTTP_REFERER=http://localhost/contentHeaderUnit/API/index.php?r=gii/default/index
---
2013/12/21 23:49:18 [error] [exception.CDbException] exception 'CDbException' with message 'CDbConnection failed to open the DB connection: SQLSTATE[28000] [1045] Access denied for user 'appV0_1'@'localhost' (using password: YES)' in /var/www/yii-1.1.14.f0fee9/framework/db/CDbConnection.php:382
Stack trace:
#0 /var/www/yii-1.1.14.f0fee9/framework/db/CDbConnection.php(330): CDbConnection->open()
#1 /var/www/yii-1.1.14.f0fee9/framework/db/CDbConnection.php(308): CDbConnection->setActive(true)
#2 /var/www/yii-1.1.14.f0fee9/framework/base/CModule.php(387): CDbConnection->init()
#3 /var/www/yii-1.1.14.f0fee9/framework/base/CModule.php(103): CModule->getComponent('db')
#4 /var/www/yii-1.1.14.f0fee9/framework/gii/generators/model/ModelCode.php(60): CModule->__get('db')
#5 /var/www/yii-1.1.14.f0fee9/framework/web/CFormModel.php(39): ModelCode->init()
#6 /var/www/yii-1.1.14.f0fee9/framework/gii/CCodeGenerator.php(153): CFormModel->__construct()
#7 /var/www/yii-1.1.14.f0fee9/framework/gii/CCodeGenerator.php(63): CCodeGenerator->prepare()
#8 /var/www/yii-1.1.14.f0fee9/framework/web/actions/CInlineAction.php(49): CCodeGenerator->actionIndex()
#9 /var/www/yii-1.1.14.f0fee9/framework/web/CController.php(308): CInlineAction->runWithParams(Array)
#10 /var/www/yii-1.1.14.f0fee9/framework/web/CController.php(286): CController->runAction(Object(CInlineAction))
#11 /var/www/yii-1.1.14.f0fee9/framework/web/CController.php(265): CController->runActionWithFilters(Object(CInlineAction), Array)
#12 /var/www/yii-1.1.14.f0fee9/framework/web/CWebApplication.php(282): CController->run('index')
#13 /var/www/yii-1.1.14.f0fee9/framework/web/CWebApplication.php(141): CWebApplication->runController('gii/model/index')
#14 /var/www/yii-1.1.14.f0fee9/framework/base/CApplication.php(180): CWebApplication->processRequest()
#15 /var/www/contentHeaderUnit/API/index.php(13): CApplication->run()
#16 {main}
REQUEST_URI=/contentHeaderUnit/API/index.php?r=gii/model/index
HTTP_REFERER=http://localhost/contentHeaderUnit/API/index.php?r=gii/default/index
---
2013/12/21 23:53:21 [error] [exception.CException] exception 'CException' with message 'CAssetManager.basePath "/var/www/contentHeaderUnit/API/assets" is invalid. Please make sure the directory exists and is writable by the Web server process.' in /var/www/yii-1.1.14.f0fee9/framework/web/CAssetManager.php:138
Stack trace:
#0 /var/www/yii-1.1.14.f0fee9/framework/web/CAssetManager.php(123): CAssetManager->setBasePath('/var/www/conten...')
#1 /var/www/yii-1.1.14.f0fee9/framework/web/CAssetManager.php(217): CAssetManager->getBasePath()
#2 /var/www/yii-1.1.14.f0fee9/framework/web/CClientScript.php(510): CAssetManager->publish('/var/www/yii-1....')
#3 /var/www/yii-1.1.14.f0fee9/framework/zii/widgets/jui/CJuiWidget.php(98): CClientScript->getCoreScriptUrl()
#4 /var/www/yii-1.1.14.f0fee9/framework/zii/widgets/jui/CJuiWidget.php(81): CJuiWidget->resolvePackagePath()
#5 /var/www/yii-1.1.14.f0fee9/framework/web/CBaseController.php(147): CJuiWidget->init()
#6 /var/www/yii-1.1.14.f0fee9/framework/web/CBaseController.php(172): CBaseController->createWidget('zii.widgets.jui...', Array)
#7 /var/www/yii-1.1.14.f0fee9/framework/gii/generators/model/views/index.php(92): CBaseController->widget('zii.widgets.jui...', Array)
#8 /var/www/yii-1.1.14.f0fee9/framework/web/CBaseController.php(126): require('/var/www/yii-1....')
#9 /var/www/yii-1.1.14.f0fee9/framework/web/CBaseController.php(95): CBaseController->renderInternal('/var/www/yii-1....', Array, true)
#10 /var/www/yii-1.1.14.f0fee9/framework/web/CController.php(869): CBaseController->renderFile('/var/www/yii-1....', Array, true)
#11 /var/www/yii-1.1.14.f0fee9/framework/web/CController.php(782): CController->renderPartial('index', Array, true)
#12 /var/www/yii-1.1.14.f0fee9/framework/gii/CCodeGenerator.php(72): CController->render('index', Array)
#13 /var/www/yii-1.1.14.f0fee9/framework/web/actions/CInlineAction.php(49): CCodeGenerator->actionIndex()
#14 /var/www/yii-1.1.14.f0fee9/framework/web/CController.php(308): CInlineAction->runWithParams(Array)
#15 /var/www/yii-1.1.14.f0fee9/framework/web/CController.php(286): CController->runAction(Object(CInlineAction))
#16 /var/www/yii-1.1.14.f0fee9/framework/web/CController.php(265): CController->runActionWithFilters(Object(CInlineAction), Array)
#17 /var/www/yii-1.1.14.f0fee9/framework/web/CWebApplication.php(282): CController->run('index')
#18 /var/www/yii-1.1.14.f0fee9/framework/web/CWebApplication.php(141): CWebApplication->runController('gii/model/index')
#19 /var/www/yii-1.1.14.f0fee9/framework/base/CApplication.php(180): CWebApplication->processRequest()
#20 /var/www/contentHeaderUnit/API/index.php(13): CApplication->run()
#21 {main}
REQUEST_URI=/contentHeaderUnit/API/index.php?r=gii/model/index
HTTP_REFERER=http://localhost/contentHeaderUnit/API/index.php?r=gii/model/index
---
2013/12/21 23:54:04 [error] [exception.CException] exception 'CException' with message 'CAssetManager.basePath "/var/www/contentHeaderUnit/API/assets" is invalid. Please make sure the directory exists and is writable by the Web server process.' in /var/www/yii-1.1.14.f0fee9/framework/web/CAssetManager.php:138
Stack trace:
#0 /var/www/yii-1.1.14.f0fee9/framework/web/CAssetManager.php(123): CAssetManager->setBasePath('/var/www/conten...')
#1 /var/www/yii-1.1.14.f0fee9/framework/web/CAssetManager.php(217): CAssetManager->getBasePath()
#2 /var/www/yii-1.1.14.f0fee9/framework/web/CClientScript.php(510): CAssetManager->publish('/var/www/yii-1....')
#3 /var/www/yii-1.1.14.f0fee9/framework/zii/widgets/jui/CJuiWidget.php(98): CClientScript->getCoreScriptUrl()
#4 /var/www/yii-1.1.14.f0fee9/framework/zii/widgets/jui/CJuiWidget.php(81): CJuiWidget->resolvePackagePath()
#5 /var/www/yii-1.1.14.f0fee9/framework/web/CBaseController.php(147): CJuiWidget->init()
#6 /var/www/yii-1.1.14.f0fee9/framework/web/CBaseController.php(172): CBaseController->createWidget('zii.widgets.jui...', Array)
#7 /var/www/yii-1.1.14.f0fee9/framework/gii/generators/model/views/index.php(92): CBaseController->widget('zii.widgets.jui...', Array)
#8 /var/www/yii-1.1.14.f0fee9/framework/web/CBaseController.php(126): require('/var/www/yii-1....')
#9 /var/www/yii-1.1.14.f0fee9/framework/web/CBaseController.php(95): CBaseController->renderInternal('/var/www/yii-1....', Array, true)
#10 /var/www/yii-1.1.14.f0fee9/framework/web/CController.php(869): CBaseController->renderFile('/var/www/yii-1....', Array, true)
#11 /var/www/yii-1.1.14.f0fee9/framework/web/CController.php(782): CController->renderPartial('index', Array, true)
#12 /var/www/yii-1.1.14.f0fee9/framework/gii/CCodeGenerator.php(72): CController->render('index', Array)
#13 /var/www/yii-1.1.14.f0fee9/framework/web/actions/CInlineAction.php(49): CCodeGenerator->actionIndex()
#14 /var/www/yii-1.1.14.f0fee9/framework/web/CController.php(308): CInlineAction->runWithParams(Array)
#15 /var/www/yii-1.1.14.f0fee9/framework/web/CController.php(286): CController->runAction(Object(CInlineAction))
#16 /var/www/yii-1.1.14.f0fee9/framework/web/CController.php(265): CController->runActionWithFilters(Object(CInlineAction), Array)
#17 /var/www/yii-1.1.14.f0fee9/framework/web/CWebApplication.php(282): CController->run('index')
#18 /var/www/yii-1.1.14.f0fee9/framework/web/CWebApplication.php(141): CWebApplication->runController('gii/model/index')
#19 /var/www/yii-1.1.14.f0fee9/framework/base/CApplication.php(180): CWebApplication->processRequest()
#20 /var/www/contentHeaderUnit/API/index.php(13): CApplication->run()
#21 {main}
REQUEST_URI=/contentHeaderUnit/API/index.php?r=gii/model/index
HTTP_REFERER=http://localhost/contentHeaderUnit/API/index.php?r=gii/model/index
---
2013/12/21 23:54:10 [error] [exception.CException] exception 'CException' with message 'CAssetManager.basePath "/var/www/contentHeaderUnit/API/assets" is invalid. Please make sure the directory exists and is writable by the Web server process.' in /var/www/yii-1.1.14.f0fee9/framework/web/CAssetManager.php:138
Stack trace:
#0 /var/www/yii-1.1.14.f0fee9/framework/web/CAssetManager.php(123): CAssetManager->setBasePath('/var/www/conten...')
#1 /var/www/yii-1.1.14.f0fee9/framework/web/CAssetManager.php(217): CAssetManager->getBasePath()
#2 /var/www/yii-1.1.14.f0fee9/framework/web/CClientScript.php(510): CAssetManager->publish('/var/www/yii-1....')
#3 /var/www/yii-1.1.14.f0fee9/framework/zii/widgets/jui/CJuiWidget.php(98): CClientScript->getCoreScriptUrl()
#4 /var/www/yii-1.1.14.f0fee9/framework/zii/widgets/jui/CJuiWidget.php(81): CJuiWidget->resolvePackagePath()
#5 /var/www/yii-1.1.14.f0fee9/framework/web/CBaseController.php(147): CJuiWidget->init()
#6 /var/www/yii-1.1.14.f0fee9/framework/web/CBaseController.php(172): CBaseController->createWidget('zii.widgets.jui...', Array)
#7 /var/www/yii-1.1.14.f0fee9/framework/gii/generators/model/views/index.php(92): CBaseController->widget('zii.widgets.jui...', Array)
#8 /var/www/yii-1.1.14.f0fee9/framework/web/CBaseController.php(126): require('/var/www/yii-1....')
#9 /var/www/yii-1.1.14.f0fee9/framework/web/CBaseController.php(95): CBaseController->renderInternal('/var/www/yii-1....', Array, true)
#10 /var/www/yii-1.1.14.f0fee9/framework/web/CController.php(869): CBaseController->renderFile('/var/www/yii-1....', Array, true)
#11 /var/www/yii-1.1.14.f0fee9/framework/web/CController.php(782): CController->renderPartial('index', Array, true)
#12 /var/www/yii-1.1.14.f0fee9/framework/gii/CCodeGenerator.php(72): CController->render('index', Array)
#13 /var/www/yii-1.1.14.f0fee9/framework/web/actions/CInlineAction.php(49): CCodeGenerator->actionIndex()
#14 /var/www/yii-1.1.14.f0fee9/framework/web/CController.php(308): CInlineAction->runWithParams(Array)
#15 /var/www/yii-1.1.14.f0fee9/framework/web/CController.php(286): CController->runAction(Object(CInlineAction))
#16 /var/www/yii-1.1.14.f0fee9/framework/web/CController.php(265): CController->runActionWithFilters(Object(CInlineAction), Array)
#17 /var/www/yii-1.1.14.f0fee9/framework/web/CWebApplication.php(282): CController->run('index')
#18 /var/www/yii-1.1.14.f0fee9/framework/web/CWebApplication.php(141): CWebApplication->runController('gii/model/index')
#19 /var/www/yii-1.1.14.f0fee9/framework/base/CApplication.php(180): CWebApplication->processRequest()
#20 /var/www/contentHeaderUnit/API/index.php(13): CApplication->run()
#21 {main}
REQUEST_URI=/contentHeaderUnit/API/index.php?r=gii/model/index
HTTP_REFERER=http://localhost/contentHeaderUnit/API/index.php?r=gii/model/index
---
2013/12/21 23:54:34 [error] [exception.CException] exception 'CException' with message 'CAssetManager.basePath "/var/www/contentHeaderUnit/API/assets" is invalid. Please make sure the directory exists and is writable by the Web server process.' in /var/www/yii-1.1.14.f0fee9/framework/web/CAssetManager.php:138
Stack trace:
#0 /var/www/yii-1.1.14.f0fee9/framework/web/CAssetManager.php(123): CAssetManager->setBasePath('/var/www/conten...')
#1 /var/www/yii-1.1.14.f0fee9/framework/web/CAssetManager.php(217): CAssetManager->getBasePath()
#2 /var/www/yii-1.1.14.f0fee9/framework/gii/GiiModule.php(143): CAssetManager->publish('/var/www/yii-1....')
#3 /var/www/yii-1.1.14.f0fee9/framework/base/CComponent.php(111): GiiModule->getAssetsUrl()
#4 /var/www/yii-1.1.14.f0fee9/framework/base/CModule.php(105): CComponent->__get('assetsUrl')
#5 /var/www/yii-1.1.14.f0fee9/framework/gii/views/layouts/main.php(5): CModule->__get('assetsUrl')
#6 /var/www/yii-1.1.14.f0fee9/framework/web/CBaseController.php(126): require('/var/www/yii-1....')
#7 /var/www/yii-1.1.14.f0fee9/framework/web/CBaseController.php(95): CBaseController->renderInternal('/var/www/yii-1....', Array, true)
#8 /var/www/yii-1.1.14.f0fee9/framework/web/widgets/CContentDecorator.php(76): CBaseController->renderFile('/var/www/yii-1....', Array, true)
#9 /var/www/yii-1.1.14.f0fee9/framework/web/widgets/CContentDecorator.php(54): CContentDecorator->decorate('<div class="con...')
#10 /var/www/yii-1.1.14.f0fee9/framework/web/widgets/COutputProcessor.php(44): CContentDecorator->processOutput('<div class="con...')
#11 /var/www/yii-1.1.14.f0fee9/framework/web/CBaseController.php(206): COutputProcessor->run()
#12 /var/www/yii-1.1.14.f0fee9/framework/web/CBaseController.php(300): CBaseController->endWidget('CContentDecorat...')
#13 /var/www/yii-1.1.14.f0fee9/framework/gii/views/layouts/column1.php(7): CBaseController->endContent()
#14 /var/www/yii-1.1.14.f0fee9/framework/web/CBaseController.php(126): require('/var/www/yii-1....')
#15 /var/www/yii-1.1.14.f0fee9/framework/web/CBaseController.php(95): CBaseController->renderInternal('/var/www/yii-1....', Array, true)
#16 /var/www/yii-1.1.14.f0fee9/framework/web/CController.php(784): CBaseController->renderFile('/var/www/yii-1....', Array, true)
#17 /var/www/yii-1.1.14.f0fee9/framework/gii/controllers/DefaultController.php(17): CController->render('index')
#18 /var/www/yii-1.1.14.f0fee9/framework/web/actions/CInlineAction.php(49): DefaultController->actionIndex()
#19 /var/www/yii-1.1.14.f0fee9/framework/web/CController.php(308): CInlineAction->runWithParams(Array)
#20 /var/www/yii-1.1.14.f0fee9/framework/web/CController.php(286): CController->runAction(Object(CInlineAction))
#21 /var/www/yii-1.1.14.f0fee9/framework/web/CController.php(265): CController->runActionWithFilters(Object(CInlineAction), Array)
#22 /var/www/yii-1.1.14.f0fee9/framework/web/CWebApplication.php(282): CController->run('')
#23 /var/www/yii-1.1.14.f0fee9/framework/web/CWebApplication.php(141): CWebApplication->runController('gii')
#24 /var/www/yii-1.1.14.f0fee9/framework/base/CApplication.php(180): CWebApplication->processRequest()
#25 /var/www/contentHeaderUnit/API/index.php(13): CApplication->run()
#26 {main}
REQUEST_URI=/contentHeaderUnit/API/index.php?r=gii
---
2013/12/21 23:54:39 [error] [exception.CException] exception 'CException' with message 'CAssetManager.basePath "/var/www/contentHeaderUnit/API/assets" is invalid. Please make sure the directory exists and is writable by the Web server process.' in /var/www/yii-1.1.14.f0fee9/framework/web/CAssetManager.php:138
Stack trace:
#0 /var/www/yii-1.1.14.f0fee9/framework/web/CAssetManager.php(123): CAssetManager->setBasePath('/var/www/conten...')
#1 /var/www/yii-1.1.14.f0fee9/framework/web/CAssetManager.php(217): CAssetManager->getBasePath()
#2 /var/www/yii-1.1.14.f0fee9/framework/gii/GiiModule.php(143): CAssetManager->publish('/var/www/yii-1....')
#3 /var/www/yii-1.1.14.f0fee9/framework/base/CComponent.php(111): GiiModule->getAssetsUrl()
#4 /var/www/yii-1.1.14.f0fee9/framework/base/CModule.php(105): CComponent->__get('assetsUrl')
#5 /var/www/yii-1.1.14.f0fee9/framework/gii/views/layouts/main.php(5): CModule->__get('assetsUrl')
#6 /var/www/yii-1.1.14.f0fee9/framework/web/CBaseController.php(126): require('/var/www/yii-1....')
#7 /var/www/yii-1.1.14.f0fee9/framework/web/CBaseController.php(95): CBaseController->renderInternal('/var/www/yii-1....', Array, true)
#8 /var/www/yii-1.1.14.f0fee9/framework/web/widgets/CContentDecorator.php(76): CBaseController->renderFile('/var/www/yii-1....', Array, true)
#9 /var/www/yii-1.1.14.f0fee9/framework/web/widgets/CContentDecorator.php(54): CContentDecorator->decorate('<div class="con...')
#10 /var/www/yii-1.1.14.f0fee9/framework/web/widgets/COutputProcessor.php(44): CContentDecorator->processOutput('<div class="con...')
#11 /var/www/yii-1.1.14.f0fee9/framework/web/CBaseController.php(206): COutputProcessor->run()
#12 /var/www/yii-1.1.14.f0fee9/framework/web/CBaseController.php(300): CBaseController->endWidget('CContentDecorat...')
#13 /var/www/yii-1.1.14.f0fee9/framework/gii/views/layouts/column1.php(7): CBaseController->endContent()
#14 /var/www/yii-1.1.14.f0fee9/framework/web/CBaseController.php(126): require('/var/www/yii-1....')
#15 /var/www/yii-1.1.14.f0fee9/framework/web/CBaseController.php(95): CBaseController->renderInternal('/var/www/yii-1....', Array, true)
#16 /var/www/yii-1.1.14.f0fee9/framework/web/CController.php(784): CBaseController->renderFile('/var/www/yii-1....', Array, true)
#17 /var/www/yii-1.1.14.f0fee9/framework/gii/controllers/DefaultController.php(17): CController->render('index')
#18 /var/www/yii-1.1.14.f0fee9/framework/web/actions/CInlineAction.php(49): DefaultController->actionIndex()
#19 /var/www/yii-1.1.14.f0fee9/framework/web/CController.php(308): CInlineAction->runWithParams(Array)
#20 /var/www/yii-1.1.14.f0fee9/framework/web/CController.php(286): CController->runAction(Object(CInlineAction))
#21 /var/www/yii-1.1.14.f0fee9/framework/web/CController.php(265): CController->runActionWithFilters(Object(CInlineAction), Array)
#22 /var/www/yii-1.1.14.f0fee9/framework/web/CWebApplication.php(282): CController->run('')
#23 /var/www/yii-1.1.14.f0fee9/framework/web/CWebApplication.php(141): CWebApplication->runController('gii')
#24 /var/www/yii-1.1.14.f0fee9/framework/base/CApplication.php(180): CWebApplication->processRequest()
#25 /var/www/contentHeaderUnit/API/index.php(13): CApplication->run()
#26 {main}
REQUEST_URI=/contentHeaderUnit/API/index.php?r=gii
---
2013/12/23 04:55:27 [error] [php] Undefined index: callback (/var/www/contentHeaderUnit/API/protected/controllers/LocationMappingsController.php:63)
Stack trace:
#0 /var/www/yii-1.1.14.f0fee9/framework/web/actions/CInlineAction.php(47): CInlineAction->runWithParamsInternal()
#1 /var/www/yii-1.1.14.f0fee9/framework/web/CController.php(308): CInlineAction->runWithParams()
#2 /var/www/yii-1.1.14.f0fee9/framework/web/filters/CFilterChain.php(133): LocationMappingsController->runAction()
#3 /var/www/yii-1.1.14.f0fee9/framework/web/filters/CFilter.php(40): CFilterChain->run()
#4 /var/www/yii-1.1.14.f0fee9/framework/web/CController.php(1145): CAccessControlFilter->filter()
#5 /var/www/yii-1.1.14.f0fee9/framework/web/filters/CInlineFilter.php(58): LocationMappingsController->filterAccessControl()
#6 /var/www/yii-1.1.14.f0fee9/framework/web/filters/CFilterChain.php(130): CInlineFilter->filter()
#7 /var/www/yii-1.1.14.f0fee9/framework/web/CController.php(291): CFilterChain->run()
#8 /var/www/yii-1.1.14.f0fee9/framework/web/CController.php(265): LocationMappingsController->runActionWithFilters()
#9 /var/www/yii-1.1.14.f0fee9/framework/web/CWebApplication.php(282): LocationMappingsController->run()
#10 /var/www/yii-1.1.14.f0fee9/framework/web/CWebApplication.php(141): CWebApplication->runController()
#11 /var/www/yii-1.1.14.f0fee9/framework/base/CApplication.php(180): CWebApplication->processRequest()
#12 /var/www/contentHeaderUnit/API/index.php(13): CWebApplication->run()
REQUEST_URI=/contentHeaderUnit/API/index.php?r=locationMappings/view&id=1
in /var/www/contentHeaderUnit/API/protected/controllers/LocationMappingsController.php (63)
in /var/www/contentHeaderUnit/API/index.php (13)
2013/12/23 04:55:56 [error] [php] Undefined index: callback (/var/www/contentHeaderUnit/API/protected/controllers/LocationMappingsController.php:63)
Stack trace:
#0 /var/www/yii-1.1.14.f0fee9/framework/web/actions/CInlineAction.php(47): CInlineAction->runWithParamsInternal()
#1 /var/www/yii-1.1.14.f0fee9/framework/web/CController.php(308): CInlineAction->runWithParams()
#2 /var/www/yii-1.1.14.f0fee9/framework/web/filters/CFilterChain.php(133): LocationMappingsController->runAction()
#3 /var/www/yii-1.1.14.f0fee9/framework/web/filters/CFilter.php(40): CFilterChain->run()
#4 /var/www/yii-1.1.14.f0fee9/framework/web/CController.php(1145): CAccessControlFilter->filter()
#5 /var/www/yii-1.1.14.f0fee9/framework/web/filters/CInlineFilter.php(58): LocationMappingsController->filterAccessControl()
#6 /var/www/yii-1.1.14.f0fee9/framework/web/filters/CFilterChain.php(130): CInlineFilter->filter()
#7 /var/www/yii-1.1.14.f0fee9/framework/web/CController.php(291): CFilterChain->run()
#8 /var/www/yii-1.1.14.f0fee9/framework/web/CController.php(265): LocationMappingsController->runActionWithFilters()
#9 /var/www/yii-1.1.14.f0fee9/framework/web/CWebApplication.php(282): LocationMappingsController->run()
#10 /var/www/yii-1.1.14.f0fee9/framework/web/CWebApplication.php(141): CWebApplication->runController()
#11 /var/www/yii-1.1.14.f0fee9/framework/base/CApplication.php(180): CWebApplication->processRequest()
#12 /var/www/contentHeaderUnit/API/index.php(13): CWebApplication->run()
REQUEST_URI=/contentHeaderUnit/API/index.php?r=locationMappings/view&id=1
in /var/www/contentHeaderUnit/API/protected/controllers/LocationMappingsController.php (63)
in /var/www/contentHeaderUnit/API/index.php (13)
